Performing C SOURCE FILE Test CMAKE_HAVE_LIBC_PTHREAD failed with the following output:
Change Dir: /share/SLAM/AVM/AVM_online_calibration0423/build/CMakeFiles/CMakeTmp

Run Build Command(s):/usr/bin/make -f Makefile cmTC_6de79/fast && /usr/bin/make  -f CMakeFiles/cmTC_6de79.dir/build.make CMakeFiles/cmTC_6de79.dir/build
make[1]: Entering directory '/share/SLAM/AVM/AVM_online_calibration0423/build/CMakeFiles/CMakeTmp'
Building C object CMakeFiles/cmTC_6de79.dir/src.c.o
/usr/bin/cc -DCMAKE_HAVE_LIBC_PTHREAD  -fPIC  -o CMakeFiles/cmTC_6de79.dir/src.c.o -c /share/SLAM/AVM/AVM_online_calibration0423/build/CMakeFiles/CMakeTmp/src.c
Linking C executable cmTC_6de79
/usr/local/lib/python3.5/dist-packages/cmake/data/bin/cmake -E cmake_link_script CMakeFiles/cmTC_6de79.dir/link.txt --verbose=1
/usr/bin/cc -fPIC  -rdynamic CMakeFiles/cmTC_6de79.dir/src.c.o -o cmTC_6de79 
CMakeFiles/cmTC_6de79.dir/src.c.o: In function `main':
src.c:(.text+0x3e): undefined reference to `pthread_create'
src.c:(.text+0x4a): undefined reference to `pthread_detach'
src.c:(.text+0x56): undefined reference to `pthread_cancel'
src.c:(.text+0x67): undefined reference to `pthread_join'
src.c:(.text+0x7b): undefined reference to `pthread_atfork'
collect2: error: ld returned 1 exit status
CMakeFiles/cmTC_6de79.dir/build.make:98: recipe for target 'cmTC_6de79' failed
make[1]: *** [cmTC_6de79] Error 1
make[1]: Leaving directory '/share/SLAM/AVM/AVM_online_calibration0423/build/CMakeFiles/CMakeTmp'
Makefile:127: recipe for target 'cmTC_6de79/fast' failed
make: *** [cmTC_6de79/fast] Error 2


Source file was:
#include <pthread.h>

static void* test_func(void* data)
{
  return data;
}

int main(void)
{
  pthread_t thread;
  pthread_create(&thread, NULL, test_func, NULL);
  pthread_detach(thread);
  pthread_cancel(thread);
  pthread_join(thread, NULL);
  pthread_atfork(NULL, NULL, NULL);
  pthread_exit(NULL);

  return 0;
}

Determining if the function pthread_create exists in the pthreads failed with the following output:
Change Dir: /share/SLAM/AVM/AVM_online_calibration0423/build/CMakeFiles/CMakeTmp

Run Build Command(s):/usr/bin/make -f Makefile cmTC_4b869/fast && /usr/bin/make  -f CMakeFiles/cmTC_4b869.dir/build.make CMakeFiles/cmTC_4b869.dir/build
make[1]: Entering directory '/share/SLAM/AVM/AVM_online_calibration0423/build/CMakeFiles/CMakeTmp'
Building C object CMakeFiles/cmTC_4b869.dir/CheckFunctionExists.c.o
/usr/bin/cc   -fPIC -DCHECK_FUNCTION_EXISTS=pthread_create -o CMakeFiles/cmTC_4b869.dir/CheckFunctionExists.c.o -c /usr/local/lib/python3.5/dist-packages/cmake/data/share/cmake-3.21/Modules/CheckFunctionExists.c
Linking C executable cmTC_4b869
/usr/local/lib/python3.5/dist-packages/cmake/data/bin/cmake -E cmake_link_script CMakeFiles/cmTC_4b869.dir/link.txt --verbose=1
/usr/bin/cc -fPIC -DCHECK_FUNCTION_EXISTS=pthread_create -rdynamic CMakeFiles/cmTC_4b869.dir/CheckFunctionExists.c.o -o cmTC_4b869  -lpthreads 
/usr/bin/ld: cannot find -lpthreads
collect2: error: ld returned 1 exit status
CMakeFiles/cmTC_4b869.dir/build.make:98: recipe for target 'cmTC_4b869' failed
make[1]: *** [cmTC_4b869] Error 1
make[1]: Leaving directory '/share/SLAM/AVM/AVM_online_calibration0423/build/CMakeFiles/CMakeTmp'
Makefile:127: recipe for target 'cmTC_4b869/fast' failed
make: *** [cmTC_4b869/fast] Error 2



